<?xml version="1.0" encoding="UTF-8"?>
<!-- Generated by org.testng.reporters.JUnitReportReporter -->
<testsuite hostname="PC-f7ad11" failures="0" tests="1" name="admin.Customer" time="4.412" errors="0" timestamp="2023-09-14T12:56:16 IST" skipped="0">
  <testcase classname="admin.Customer" name="createcustomer" time="4.412"/>
  <system-out/>
</testsuite> <!-- admin.Customer -->
